[debug] [2019-12-15T23:57:19.263Z] ----------------------------------------------------------------------
[debug] [2019-12-15T23:57:19.265Z] Command:       /usr/local/Cellar/node/12.9.1/bin/node /usr/local/bin/firebase serve --only functions
[debug] [2019-12-15T23:57:19.265Z] CLI Version:   7.9.0
[debug] [2019-12-15T23:57:19.265Z] Platform:      darwin
[debug] [2019-12-15T23:57:19.265Z] Node Version:  v12.9.1
[debug] [2019-12-15T23:57:19.265Z] Time:          Sun Dec 15 2019 15:57:19 GMT-0800 (Pacific Standard Time)
[debug] [2019-12-15T23:57:19.265Z] ----------------------------------------------------------------------
[debug] [2019-12-15T23:57:19.265Z] 
[debug] [2019-12-15T23:57:19.270Z] > command requires scopes: ["email","openid","https://www.googleapis.com/auth/cloudplatformprojects.readonly","https://www.googleapis.com/auth/firebase","https://www.googleapis.com/auth/cloud-platform"]
[debug] [2019-12-15T23:57:19.270Z] > authorizing via signed-in user
[debug] [2019-12-15T23:57:19.270Z] [iam] checking project whitewaterisitin for permissions ["firebase.projects.get"]
[debug] [2019-12-15T23:57:19.271Z] >>> HTTP REQUEST POST https://cloudresourcemanager.googleapis.com/v1/projects/whitewaterisitin:testIamPermissions  

[debug] [2019-12-15T23:57:19.422Z] <<< HTTP RESPONSE 200
[debug] [2019-12-15T23:57:19.424Z] >>> HTTP REQUEST GET https://firebase.googleapis.com/v1beta1/projects/whitewaterisitin  
 
[debug] [2019-12-15T23:57:19.604Z] <<< HTTP RESPONSE 200
[warn] ⚠  Your requested "node" version "8" doesn't match your global version "12"
[info] ✔  functions: Emulator started at http://localhost:5000
[info] i  functions: Watching "/Users/haileygaylor/Epicodus-Projects/whitewatercapstone/functions" for Cloud Functions...
[debug] [2019-12-15T23:57:19.888Z] [worker-~diagnostic~-31ddf9b4-1f17-4f4d-a538-2721d8a6e9b6]: Assigning socketPath: /var/folders/3t/t6mfh5w51gx2pfq16fjxmwsw0000gn/T/fire_emu_1392.sock
[debug] [2019-12-15T23:57:19.888Z] [worker-~diagnostic~-31ddf9b4-1f17-4f4d-a538-2721d8a6e9b6]: BUSY
[debug] [2019-12-15T23:57:20.040Z] [runtime-status] [1392] Functions runtime initialized. {"cwd":"/Users/haileygaylor/Epicodus-Projects/whitewatercapstone/functions","node_version":"12.9.1"}
[debug] [2019-12-15T23:57:20.041Z] [runtime-status] [1392] Disabled runtime features: {"functions_config_helper":true,"network_filtering":true,"timeout":true,"memory_limiting":true,"admin_stubs":true,"pubsub_emulator":true}
[debug] [2019-12-15T23:57:20.042Z] [runtime-status] [1392] Resolved module firebase-admin {"declared":true,"installed":true,"version":"8.8.0","resolution":"/Users/haileygaylor/Epicodus-Projects/whitewatercapstone/functions/node_modules/firebase-admin/lib/index.js"}
[debug] [2019-12-15T23:57:20.043Z] [runtime-status] [1392] Resolved module firebase-functions {"declared":true,"installed":true,"version":"3.3.0","resolution":"/Users/haileygaylor/Epicodus-Projects/whitewatercapstone/functions/node_modules/firebase-functions/lib/index.js"}
[debug] [2019-12-15T23:57:20.043Z] [runtime-status] [1392] Resolved module firebase-functions {"declared":true,"installed":true,"version":"3.3.0","resolution":"/Users/haileygaylor/Epicodus-Projects/whitewatercapstone/functions/node_modules/firebase-functions/lib/index.js"}
[debug] [2019-12-15T23:57:20.081Z] [worker-~diagnostic~-31ddf9b4-1f17-4f4d-a538-2721d8a6e9b6]: exited
[debug] [2019-12-15T23:57:20.082Z] [worker-~diagnostic~-31ddf9b4-1f17-4f4d-a538-2721d8a6e9b6]: FINISHED
